<?xml version="1.0" encoding="UTF-8"?>
<testng-results skipped="0" failed="0" total="3" passed="3">
  <reporter-output>
  </reporter-output>
  <suite name="Default suite" duration-ms="41" started-at="2018-08-03T07:24:36Z" finished-at="2018-08-03T07:24:36Z">
    <groups>
    </groups>
    <test name="Default test" duration-ms="41" started-at="2018-08-03T07:24:36Z" finished-at="2018-08-03T07:24:36Z">
      <class name="com.basic.MyTest">
        <test-method status="PASS" signature="test1()[pri:0, instance:com.basic.MyTest@3f2a3a5]" name="test1" duration-ms="16" started-at="2018-08-03T12:54:36Z" finished-at="2018-08-03T12:54:36Z">
          <reporter-output>
          </reporter-output>
        </test-method> <!-- test1 -->
        <test-method status="PASS" signature="test2()[pri:0, instance:com.basic.MyTest@3f2a3a5]" name="test2" duration-ms="1" started-at="2018-08-03T12:54:36Z" finished-at="2018-08-03T12:54:36Z">
          <reporter-output>
          </reporter-output>
        </test-method> <!-- test2 -->
        <test-method status="PASS" signature="test3()[pri:0, instance:com.basic.MyTest@3f2a3a5]" name="test3" duration-ms="1" started-at="2018-08-03T12:54:36Z" finished-at="2018-08-03T12:54:36Z">
          <reporter-output>
          </reporter-output>
        </test-method> <!-- test3 -->
      </class> <!-- com.basic.MyTest -->
    </test> <!-- Default test -->
  </suite> <!-- Default suite -->
</testng-results>
